2026-04-15 09:08:51.710 INFO  com.xiaokui.BackendApplicationTests [main] : Starting BackendApplicationTests using Java 25.0.2 with PID 11112 (started by Undefined in F:\Code\项目\class-manage-system\backend)
2026-04-15 09:08:51.714 INFO  com.xiaokui.BackendApplicationTests [main] : No active profile set, falling back to 1 default profile: "default"
2026-04-15 09:08:52.658 INFO  com.xiaokui.BackendApplicationTests [main] : Started BackendApplicationTests in 1.241 seconds (process running for 2.216)
2026-04-15 09:08:53.059 INFO  com.zaxxer.hikari.HikariDataSource [main] : HikariPool-1 - Starting...
2026-04-15 09:08:53.202 INFO  com.zaxxer.hikari.pool.HikariPool [main] : HikariPool-1 - Added connection org.postgresql.jdbc.PgConnection@18f13756
2026-04-15 09:08:53.203 INFO  com.zaxxer.hikari.HikariDataSource [main] : HikariPool-1 - Start completed.
2026-04-15 09:08:53.224 INFO  com.xiaokui.BackendApplicationTests [main] : [ClassOnlyIdName(id=1, name=软件工程1班), ClassOnlyIdName(id=2, name=计算机科学1班), ClassOnlyIdName(id=3, name=人工智能1班)]
2026-04-15 09:08:53.242 INFO  com.zaxxer.hikari.HikariDataSource [SpringApplicationShutdownHook] : HikariPool-1 - Shutdown initiated...
2026-04-15 09:08:53.244 INFO  com.zaxxer.hikari.HikariDataSource [SpringApplicationShutdownHook] : HikariPool-1 - Shutdown completed.
2026-04-15 14:40:43.100 INFO  com.xiaokui.BackendApplicationTests [main] : Starting BackendApplicationTests using Java 25.0.2 with PID 15656 (started by Undefined in F:\Code\项目\class-manage-system\backend)
2026-04-15 14:40:43.101 INFO  com.xiaokui.BackendApplicationTests [main] : No active profile set, falling back to 1 default profile: "default"
2026-04-15 14:40:44.126 INFO  com.xiaokui.BackendApplicationTests [main] : Started BackendApplicationTests in 1.369 seconds (process running for 2.35)
2026-04-15 14:40:44.564 INFO  com.zaxxer.hikari.HikariDataSource [main] : HikariPool-1 - Starting...
2026-04-15 14:40:44.715 INFO  com.zaxxer.hikari.pool.HikariPool [main] : HikariPool-1 - Added connection org.postgresql.jdbc.PgConnection@337cb81d
2026-04-15 14:40:44.717 INFO  com.zaxxer.hikari.HikariDataSource [main] : HikariPool-1 - Start completed.
2026-04-15 14:40:44.740 INFO  com.xiaokui.BackendApplicationTests [main] : ClassTable(id=1, name=软件工程1班, studentNum=11, teacherName=盖伦, createTime=2026-04-12 20:37:00, updateTime=2026-04-12 20:37:00)
2026-04-15 14:40:44.741 INFO  com.xiaokui.BackendApplicationTests [main] : ClassTable(id=2, name=计算机科学1班, studentNum=12, teacherName=卡特琳娜, createTime=2026-04-12 20:37:00, updateTime=2026-04-12 20:37:00)
2026-04-15 14:40:44.741 INFO  com.xiaokui.BackendApplicationTests [main] : ClassTable(id=3, name=人工智能1班, studentNum=12, teacherName=李青, createTime=2026-04-12 20:37:00, updateTime=2026-04-12 20:37:00)
2026-04-15 14:40:44.741 INFO  com.xiaokui.BackendApplicationTests [main] : ClassTable(id=4, name=大数据1班, studentNum=12, teacherName=null, createTime=2026-04-12 20:37:00, updateTime=2026-04-12 20:37:00)
2026-04-15 14:40:44.741 INFO  com.xiaokui.BackendApplicationTests [main] : ClassTable(id=5, name=网络安全1班, studentNum=12, teacherName=null, createTime=2026-04-12 20:37:00, updateTime=2026-04-12 20:37:00)
2026-04-15 14:40:44.754 INFO  com.xiaokui.BackendApplicationTests [main] : createClassRet = -1
2026-04-15 14:40:44.877 INFO  com.zaxxer.hikari.HikariDataSource [SpringApplicationShutdownHook] : HikariPool-1 - Shutdown initiated...
2026-04-15 14:40:45.007 INFO  com.zaxxer.hikari.HikariDataSource [SpringApplicationShutdownHook] : HikariPool-1 - Shutdown completed.
2026-04-15 14:47:06.056 INFO  com.xiaokui.BackendApplicationTests [main] : Starting BackendApplicationTests using Java 25.0.2 with PID 20036 (started by Undefined in F:\Code\项目\class-manage-system\backend)
2026-04-15 14:47:06.057 INFO  com.xiaokui.BackendApplicationTests [main] : No active profile set, falling back to 1 default profile: "default"
2026-04-15 14:47:06.923 INFO  com.xiaokui.BackendApplicationTests [main] : Started BackendApplicationTests in 1.123 seconds (process running for 1.931)
2026-04-15 14:47:07.285 INFO  com.zaxxer.hikari.HikariDataSource [main] : HikariPool-1 - Starting...
2026-04-15 14:47:07.416 INFO  com.zaxxer.hikari.pool.HikariPool [main] : HikariPool-1 - Added connection org.postgresql.jdbc.PgConnection@5db90818
2026-04-15 14:47:07.417 INFO  com.zaxxer.hikari.HikariDataSource [main] : HikariPool-1 - Start completed.
2026-04-15 14:47:07.436 INFO  com.xiaokui.BackendApplicationTests [main] : ClassTable(id=1, name=软件工程1班, studentNum=11, teacherName=盖伦, createTime=2026-04-12 20:37:00, updateTime=2026-04-12 20:37:00)
2026-04-15 14:47:07.436 INFO  com.xiaokui.BackendApplicationTests [main] : ClassTable(id=2, name=计算机科学1班, studentNum=12, teacherName=卡特琳娜, createTime=2026-04-12 20:37:00, updateTime=2026-04-12 20:37:00)
2026-04-15 14:47:07.436 INFO  com.xiaokui.BackendApplicationTests [main] : ClassTable(id=3, name=人工智能1班, studentNum=12, teacherName=李青, createTime=2026-04-12 20:37:00, updateTime=2026-04-12 20:37:00)
2026-04-15 14:47:07.436 INFO  com.xiaokui.BackendApplicationTests [main] : ClassTable(id=4, name=大数据1班, studentNum=12, teacherName=null, createTime=2026-04-12 20:37:00, updateTime=2026-04-12 20:37:00)
2026-04-15 14:47:07.436 INFO  com.xiaokui.BackendApplicationTests [main] : ClassTable(id=5, name=网络安全1班, studentNum=12, teacherName=null, createTime=2026-04-12 20:37:00, updateTime=2026-04-12 20:37:00)
2026-04-15 14:47:07.540 INFO  com.zaxxer.hikari.HikariDataSource [SpringApplicationShutdownHook] : HikariPool-1 - Shutdown initiated...
2026-04-15 14:47:07.605 INFO  com.zaxxer.hikari.HikariDataSource [SpringApplicationShutdownHook] : HikariPool-1 - Shutdown completed.
2026-04-15 14:47:39.255 INFO  com.xiaokui.BackendApplicationTests [main] : Starting BackendApplicationTests using Java 25.0.2 with PID 19536 (started by Undefined in F:\Code\项目\class-manage-system\backend)
2026-04-15 14:47:39.256 INFO  com.xiaokui.BackendApplicationTests [main] : No active profile set, falling back to 1 default profile: "default"
2026-04-15 14:47:40.058 INFO  com.xiaokui.BackendApplicationTests [main] : Started BackendApplicationTests in 1.056 seconds (process running for 1.86)
2026-04-15 14:47:40.414 INFO  com.zaxxer.hikari.HikariDataSource [main] : HikariPool-1 - Starting...
2026-04-15 14:47:40.647 INFO  com.zaxxer.hikari.pool.HikariPool [main] : HikariPool-1 - Added connection org.postgresql.jdbc.PgConnection@3d8fd373
2026-04-15 14:47:40.648 INFO  com.zaxxer.hikari.HikariDataSource [main] : HikariPool-1 - Start completed.
2026-04-15 14:47:40.669 INFO  com.xiaokui.BackendApplicationTests [main] : ClassTable(id=1, name=软件工程1班, studentNum=11, teacherName=盖伦, createTime=2026-04-12 20:37:00, updateTime=2026-04-12 20:37:00)
2026-04-15 14:47:40.669 INFO  com.xiaokui.BackendApplicationTests [main] : ClassTable(id=2, name=计算机科学1班, studentNum=12, teacherName=卡特琳娜, createTime=2026-04-12 20:37:00, updateTime=2026-04-12 20:37:00)
2026-04-15 14:47:40.669 INFO  com.xiaokui.BackendApplicationTests [main] : ClassTable(id=3, name=人工智能1班, studentNum=12, teacherName=李青, createTime=2026-04-12 20:37:00, updateTime=2026-04-12 20:37:00)
2026-04-15 14:47:40.669 INFO  com.xiaokui.BackendApplicationTests [main] : ClassTable(id=4, name=大数据1班, studentNum=12, teacherName=null, createTime=2026-04-12 20:37:00, updateTime=2026-04-12 20:37:00)
2026-04-15 14:47:40.669 INFO  com.xiaokui.BackendApplicationTests [main] : ClassTable(id=5, name=网络安全1班, studentNum=12, teacherName=null, createTime=2026-04-12 20:37:00, updateTime=2026-04-12 20:37:00)
2026-04-15 14:47:40.761 INFO  com.zaxxer.hikari.HikariDataSource [SpringApplicationShutdownHook] : HikariPool-1 - Shutdown initiated...
2026-04-15 14:47:40.833 INFO  com.zaxxer.hikari.HikariDataSource [SpringApplicationShutdownHook] : HikariPool-1 - Shutdown completed.
2026-04-15 14:50:05.841 INFO  com.xiaokui.BackendApplicationTests [main] : Starting BackendApplicationTests using Java 25.0.2 with PID 29680 (started by Undefined in F:\Code\项目\class-manage-system\backend)
2026-04-15 14:50:05.843 INFO  com.xiaokui.BackendApplicationTests [main] : No active profile set, falling back to 1 default profile: "default"
2026-04-15 14:50:06.706 INFO  com.xiaokui.BackendApplicationTests [main] : Started BackendApplicationTests in 1.106 seconds (process running for 1.927)
2026-04-15 14:50:07.052 INFO  com.zaxxer.hikari.HikariDataSource [main] : HikariPool-1 - Starting...
2026-04-15 14:50:07.287 INFO  com.zaxxer.hikari.pool.HikariPool [main] : HikariPool-1 - Added connection org.postgresql.jdbc.PgConnection@5db90818
2026-04-15 14:50:07.288 INFO  com.zaxxer.hikari.HikariDataSource [main] : HikariPool-1 - Start completed.
2026-04-15 14:50:07.307 INFO  com.xiaokui.BackendApplicationTests [main] : ClassTable(id=1, name=软件工程1班, studentNum=11, teacherName=盖伦, createTime=2026-04-12 20:37:00, updateTime=2026-04-12 20:37:00)
2026-04-15 14:50:07.307 INFO  com.xiaokui.BackendApplicationTests [main] : ClassTable(id=2, name=计算机科学1班, studentNum=12, teacherName=卡特琳娜, createTime=2026-04-12 20:37:00, updateTime=2026-04-12 20:37:00)
2026-04-15 14:50:07.308 INFO  com.xiaokui.BackendApplicationTests [main] : ClassTable(id=3, name=人工智能1班, studentNum=12, teacherName=李青, createTime=2026-04-12 20:37:00, updateTime=2026-04-12 20:37:00)
2026-04-15 14:50:07.308 INFO  com.xiaokui.BackendApplicationTests [main] : ClassTable(id=4, name=大数据1班, studentNum=12, teacherName=null, createTime=2026-04-12 20:37:00, updateTime=2026-04-12 20:37:00)
2026-04-15 14:50:07.308 INFO  com.xiaokui.BackendApplicationTests [main] : ClassTable(id=5, name=网络安全1班, studentNum=12, teacherName=null, createTime=2026-04-12 20:37:00, updateTime=2026-04-12 20:37:00)
2026-04-15 14:50:07.312 INFO  com.xiaokui.BackendApplicationTests [main] : updateClassRet = false
2026-04-15 14:50:07.314 INFO  com.xiaokui.BackendApplicationTests [main] : queryClassById = [ClassTable(id=1, name=软件工程1班, studentNum=11, teacherName=盖伦, createTime=2026-04-12 20:37:00, updateTime=2026-04-12 20:37:00)]
2026-04-15 14:50:07.314 INFO  com.xiaokui.BackendApplicationTests [main] : queryClassByName = [ClassTable(id=3, name=人工智能1班, studentNum=12, teacherName=李青, createTime=2026-04-12 20:37:00, updateTime=2026-04-12 20:37:00)]
2026-04-15 14:50:07.315 INFO  com.xiaokui.BackendApplicationTests [main] : getMyAllStudentRet = [StudentOnlyIdName(id=2, name=劫), StudentOnlyIdName(id=3, name=提莫), StudentOnlyIdName(id=4, name=艾希), StudentOnlyIdName(id=5, name=金克丝), StudentOnlyIdName(id=6, name=拉克丝), StudentOnlyIdName(id=7, name=伊泽瑞尔), StudentOnlyIdName(id=8, name=阿狸), StudentOnlyIdName(id=9, name=锐雯), StudentOnlyIdName(id=10, name=慎), StudentOnlyIdName(id=11, name=凯南), StudentOnlyIdName(id=12, name=德莱厄斯)]
2026-04-15 14:50:07.333 INFO  com.zaxxer.hikari.HikariDataSource [SpringApplicationShutdownHook] : HikariPool-1 - Shutdown initiated...
2026-04-15 14:50:07.334 INFO  com.zaxxer.hikari.HikariDataSource [SpringApplicationShutdownHook] : HikariPool-1 - Shutdown completed.
2026-04-15 14:51:19.198 INFO  com.xiaokui.BackendApplicationTests [main] : Starting BackendApplicationTests using Java 25.0.2 with PID 5384 (started by Undefined in F:\Code\项目\class-manage-system\backend)
2026-04-15 14:51:19.200 INFO  com.xiaokui.BackendApplicationTests [main] : No active profile set, falling back to 1 default profile: "default"
2026-04-15 14:51:20.022 INFO  com.xiaokui.BackendApplicationTests [main] : Started BackendApplicationTests in 1.064 seconds (process running for 1.822)
2026-04-15 14:51:20.383 INFO  com.zaxxer.hikari.HikariDataSource [main] : HikariPool-1 - Starting...
2026-04-15 14:51:20.516 INFO  com.zaxxer.hikari.pool.HikariPool [main] : HikariPool-1 - Added connection org.postgresql.jdbc.PgConnection@33bfe6d3
2026-04-15 14:51:20.517 INFO  com.zaxxer.hikari.HikariDataSource [main] : HikariPool-1 - Start completed.
2026-04-15 14:51:20.535 INFO  com.xiaokui.BackendApplicationTests [main] : ClassTable(id=1, name=软件工程1班, studentNum=11, teacherName=盖伦, createTime=2026-04-12 20:37:00, updateTime=2026-04-12 20:37:00)
2026-04-15 14:51:20.535 INFO  com.xiaokui.BackendApplicationTests [main] : ClassTable(id=2, name=计算机科学1班, studentNum=12, teacherName=卡特琳娜, createTime=2026-04-12 20:37:00, updateTime=2026-04-12 20:37:00)
2026-04-15 14:51:20.535 INFO  com.xiaokui.BackendApplicationTests [main] : ClassTable(id=3, name=人工智能1班, studentNum=12, teacherName=李青, createTime=2026-04-12 20:37:00, updateTime=2026-04-12 20:37:00)
2026-04-15 14:51:20.535 INFO  com.xiaokui.BackendApplicationTests [main] : ClassTable(id=4, name=大数据1班, studentNum=12, teacherName=null, createTime=2026-04-12 20:37:00, updateTime=2026-04-12 20:37:00)
2026-04-15 14:51:20.535 INFO  com.xiaokui.BackendApplicationTests [main] : ClassTable(id=5, name=网络安全1班, studentNum=12, teacherName=null, createTime=2026-04-12 20:37:00, updateTime=2026-04-12 20:37:00)
2026-04-15 14:51:20.627 INFO  com.zaxxer.hikari.HikariDataSource [SpringApplicationShutdownHook] : HikariPool-1 - Shutdown initiated...
2026-04-15 14:51:20.810 INFO  com.zaxxer.hikari.HikariDataSource [SpringApplicationShutdownHook] : HikariPool-1 - Shutdown completed.
2026-04-15 14:53:49.267 INFO  com.xiaokui.BackendApplicationTests [main] : Starting BackendApplicationTests using Java 25.0.2 with PID 20272 (started by Undefined in F:\Code\项目\class-manage-system\backend)
2026-04-15 14:53:49.268 INFO  com.xiaokui.BackendApplicationTests [main] : No active profile set, falling back to 1 default profile: "default"
2026-04-15 14:53:50.166 INFO  com.xiaokui.BackendApplicationTests [main] : Started BackendApplicationTests in 1.146 seconds (process running for 1.957)
2026-04-15 14:53:50.535 INFO  com.zaxxer.hikari.HikariDataSource [main] : HikariPool-1 - Starting...
2026-04-15 14:53:50.662 INFO  com.zaxxer.hikari.pool.HikariPool [main] : HikariPool-1 - Added connection org.postgresql.jdbc.PgConnection@5edd9b4f
2026-04-15 14:53:50.663 INFO  com.zaxxer.hikari.HikariDataSource [main] : HikariPool-1 - Start completed.
2026-04-15 14:53:50.673 INFO  com.xiaokui.BackendApplicationTests [main] : false
2026-04-15 14:53:50.689 INFO  com.zaxxer.hikari.HikariDataSource [SpringApplicationShutdownHook] : HikariPool-1 - Shutdown initiated...
2026-04-15 14:53:50.691 INFO  com.zaxxer.hikari.HikariDataSource [SpringApplicationShutdownHook] : HikariPool-1 - Shutdown completed.
2026-04-15 14:54:26.313 INFO  com.xiaokui.BackendApplicationTests [main] : Starting BackendApplicationTests using Java 25.0.2 with PID 31004 (started by Undefined in F:\Code\项目\class-manage-system\backend)
2026-04-15 14:54:26.314 INFO  com.xiaokui.BackendApplicationTests [main] : No active profile set, falling back to 1 default profile: "default"
2026-04-15 14:54:27.175 INFO  com.xiaokui.BackendApplicationTests [main] : Started BackendApplicationTests in 1.111 seconds (process running for 1.927)
2026-04-15 14:54:27.525 INFO  com.zaxxer.hikari.HikariDataSource [main] : HikariPool-1 - Starting...
2026-04-15 14:54:27.662 INFO  com.zaxxer.hikari.pool.HikariPool [main] : HikariPool-1 - Added connection org.postgresql.jdbc.PgConnection@2ac3d530
2026-04-15 14:54:27.664 INFO  com.zaxxer.hikari.HikariDataSource [main] : HikariPool-1 - Start completed.
2026-04-15 14:54:27.674 INFO  com.xiaokui.BackendApplicationTests [main] : updateClassRet = false
2026-04-15 14:54:27.692 INFO  com.zaxxer.hikari.HikariDataSource [SpringApplicationShutdownHook] : HikariPool-1 - Shutdown initiated...
2026-04-15 14:54:27.693 INFO  com.zaxxer.hikari.HikariDataSource [SpringApplicationShutdownHook] : HikariPool-1 - Shutdown completed.
2026-04-15 16:20:34.990 INFO  com.xiaokui.BackendApplication [restartedMain] : Starting BackendApplication using Java 25.0.2 with PID 11128 (F:\Code\项目\class-manage-system\backend\target\classes started by Undefined in F:\Code\项目\class-manage-system\backend)
2026-04-15 16:20:34.991 INFO  com.xiaokui.BackendApplication [restartedMain] : No active profile set, falling back to 1 default profile: "default"
2026-04-15 16:20:35.016 INFO  o.s.b.d.e.DevToolsPropertyDefaultsPostProcessor [restartedMain] : Devtools property defaults active! Set 'spring.devtools.add-properties' to 'false' to disable
2026-04-15 16:20:35.016 INFO  o.s.b.d.e.DevToolsPropertyDefaultsPostProcessor [restartedMain] : For additional web related logging consider setting the 'logging.level.web' property to 'DEBUG'
2026-04-15 16:20:35.479 INFO  o.s.boot.tomcat.TomcatWebServer [restartedMain] : Tomcat initialized with port 8080 (http)
2026-04-15 16:20:35.486 INFO  o.a.coyote.http11.Http11NioProtocol [restartedMain] : Initializing ProtocolHandler ["http-nio-8080"]
2026-04-15 16:20:35.487 INFO  o.a.catalina.core.StandardService [restartedMain] : Starting service [Tomcat]
2026-04-15 16:20:35.487 INFO  o.a.catalina.core.StandardEngine [restartedMain] : Starting Servlet engine: [Apache Tomcat/11.0.20]
2026-04-15 16:20:35.526 INFO  o.s.b.w.c.s.WebApplicationContextInitializer [restartedMain] : Root WebApplicationContext: initialization completed in 510 ms
2026-04-15 16:20:35.681 WARN  o.s.b.w.s.s.c.AnnotationConfigServletWebServerApplicationContext [restartedMain] : Exception encountered during context initialization - cancelling refresh attempt: org.springframework.beans.factory.UnsatisfiedDependencyException: Error creating bean with name 'publicServiceImpl' defined in file [F:\Code\项目\class-manage-system\backend\target\classes\com\xiaokui\service\ServiceImpl\PublicServiceImpl.class]: Unsatisfied dependency expressed through constructor parameter 0: Error creating bean with name 'publicServiceImpl': Requested bean is currently in creation: Is there an unresolvable circular reference or an asynchronous initialization dependency?
2026-04-15 16:20:35.683 INFO  o.a.catalina.core.StandardService [restartedMain] : Stopping service [Tomcat]
2026-04-15 16:20:35.688 INFO  o.s.b.a.l.ConditionEvaluationReportLogger [restartedMain] : 

Error starting ApplicationContext. To display the condition evaluation report re-run your application with 'debug' enabled.
2026-04-15 16:20:35.696 ERROR o.s.b.d.LoggingFailureAnalysisReporter [restartedMain] : 

***************************
APPLICATION FAILED TO START
***************************

Description:

The dependencies of some of the beans in the application context form a cycle:

┌──->──┐
|  publicServiceImpl defined in file [F:\Code\项目\class-manage-system\backend\target\classes\com\xiaokui\service\ServiceImpl\PublicServiceImpl.class]
└──<-──┘


Action:

Relying upon circular references is discouraged and they are prohibited by default. Update your application to remove the dependency cycle between beans. As a last resort, it may be possible to break the cycle automatically by setting spring.main.allow-circular-references to true.

2026-04-15 16:25:07.080 INFO  com.xiaokui.BackendApplication [restartedMain] : Starting BackendApplication using Java 25.0.2 with PID 11784 (F:\Code\项目\class-manage-system\backend\target\classes started by Undefined in F:\Code\项目\class-manage-system\backend)
2026-04-15 16:25:07.081 INFO  com.xiaokui.BackendApplication [restartedMain] : No active profile set, falling back to 1 default profile: "default"
2026-04-15 16:25:07.107 INFO  o.s.b.d.e.DevToolsPropertyDefaultsPostProcessor [restartedMain] : Devtools property defaults active! Set 'spring.devtools.add-properties' to 'false' to disable
2026-04-15 16:25:07.108 INFO  o.s.b.d.e.DevToolsPropertyDefaultsPostProcessor [restartedMain] : For additional web related logging consider setting the 'logging.level.web' property to 'DEBUG'
2026-04-15 16:25:07.577 INFO  o.s.boot.tomcat.TomcatWebServer [restartedMain] : Tomcat initialized with port 8080 (http)
2026-04-15 16:25:07.585 INFO  o.a.coyote.http11.Http11NioProtocol [restartedMain] : Initializing ProtocolHandler ["http-nio-8080"]
2026-04-15 16:25:07.586 INFO  o.a.catalina.core.StandardService [restartedMain] : Starting service [Tomcat]
2026-04-15 16:25:07.586 INFO  o.a.catalina.core.StandardEngine [restartedMain] : Starting Servlet engine: [Apache Tomcat/11.0.20]
2026-04-15 16:25:07.618 INFO  o.s.b.w.c.s.WebApplicationContextInitializer [restartedMain] : Root WebApplicationContext: initialization completed in 510 ms
2026-04-15 16:25:07.961 INFO  o.a.coyote.http11.Http11NioProtocol [restartedMain] : Starting ProtocolHandler ["http-nio-8080"]
2026-04-15 16:25:07.973 INFO  o.s.boot.tomcat.TomcatWebServer [restartedMain] : Tomcat started on port 8080 (http) with context path '/'
2026-04-15 16:25:07.976 INFO  com.xiaokui.BackendApplication [restartedMain] : Started BackendApplication in 1.15 seconds (process running for 1.537)
2026-04-15 16:25:13.447 INFO  o.s.boot.tomcat.GracefulShutdown [SpringApplicationShutdownHook] : Commencing graceful shutdown. Waiting for active requests to complete
2026-04-15 16:25:13.452 INFO  o.s.boot.tomcat.GracefulShutdown [tomcat-shutdown] : Graceful shutdown complete
