2026-04-17 19:56:02.638 INFO  com.xiaokui.BackendApplication [restartedMain] : Starting BackendApplication using Java 25.0.1 with PID 31592 (F:\Code\项目\ClassManageSystem\backend\target\classes started by Undefined in F:\Code\项目\ClassManageSystem\backend)
2026-04-17 19:56:02.640 INFO  com.xiaokui.BackendApplication [restartedMain] : No active profile set, falling back to 1 default profile: "default"
2026-04-17 19:56:02.672 INFO  o.s.b.d.e.DevToolsPropertyDefaultsPostProcessor [restartedMain] : Devtools property defaults active! Set 'spring.devtools.add-properties' to 'false' to disable
2026-04-17 19:56:02.672 INFO  o.s.b.d.e.DevToolsPropertyDefaultsPostProcessor [restartedMain] : For additional web related logging consider setting the 'logging.level.web' property to 'DEBUG'
2026-04-17 19:56:03.207 INFO  o.s.boot.tomcat.TomcatWebServer [restartedMain] : Tomcat initialized with port 8080 (http)
2026-04-17 19:56:03.215 INFO  o.a.coyote.http11.Http11NioProtocol [restartedMain] : Initializing ProtocolHandler ["http-nio-8080"]
2026-04-17 19:56:03.218 INFO  o.a.catalina.core.StandardService [restartedMain] : Starting service [Tomcat]
2026-04-17 19:56:03.218 INFO  o.a.catalina.core.StandardEngine [restartedMain] : Starting Servlet engine: [Apache Tomcat/11.0.20]
2026-04-17 19:56:03.253 INFO  o.s.b.w.c.s.WebApplicationContextInitializer [restartedMain] : Root WebApplicationContext: initialization completed in 580 ms
2026-04-17 19:56:03.585 INFO  o.a.coyote.http11.Http11NioProtocol [restartedMain] : Starting ProtocolHandler ["http-nio-8080"]
2026-04-17 19:56:03.598 INFO  o.s.boot.tomcat.TomcatWebServer [restartedMain] : Tomcat started on port 8080 (http) with context path '/'
2026-04-17 19:56:03.602 INFO  com.xiaokui.BackendApplication [restartedMain] : Started BackendApplication in 1.255 seconds (process running for 1.538)
2026-04-17 20:12:09.993 INFO  com.xiaokui.BackendApplication [restartedMain] : Starting BackendApplication using Java 25.0.1 with PID 23408 (F:\Code\项目\ClassManageSystem\backend\target\classes started by Undefined in F:\Code\项目\ClassManageSystem\backend)
2026-04-17 20:12:09.995 INFO  com.xiaokui.BackendApplication [restartedMain] : No active profile set, falling back to 1 default profile: "default"
2026-04-17 20:12:10.029 INFO  o.s.b.d.e.DevToolsPropertyDefaultsPostProcessor [restartedMain] : Devtools property defaults active! Set 'spring.devtools.add-properties' to 'false' to disable
2026-04-17 20:12:10.029 INFO  o.s.b.d.e.DevToolsPropertyDefaultsPostProcessor [restartedMain] : For additional web related logging consider setting the 'logging.level.web' property to 'DEBUG'
2026-04-17 20:12:10.525 INFO  o.s.boot.tomcat.TomcatWebServer [restartedMain] : Tomcat initialized with port 8080 (http)
2026-04-17 20:12:10.533 INFO  o.a.coyote.http11.Http11NioProtocol [restartedMain] : Initializing ProtocolHandler ["http-nio-8080"]
2026-04-17 20:12:10.534 INFO  o.a.catalina.core.StandardService [restartedMain] : Starting service [Tomcat]
2026-04-17 20:12:10.534 INFO  o.a.catalina.core.StandardEngine [restartedMain] : Starting Servlet engine: [Apache Tomcat/11.0.20]
2026-04-17 20:12:10.568 INFO  o.s.b.w.c.s.WebApplicationContextInitializer [restartedMain] : Root WebApplicationContext: initialization completed in 539 ms
2026-04-17 20:12:10.916 INFO  o.a.coyote.http11.Http11NioProtocol [restartedMain] : Starting ProtocolHandler ["http-nio-8080"]
2026-04-17 20:12:10.927 INFO  o.s.boot.tomcat.TomcatWebServer [restartedMain] : Tomcat started on port 8080 (http) with context path '/'
2026-04-17 20:12:10.932 INFO  com.xiaokui.BackendApplication [restartedMain] : Started BackendApplication in 1.266 seconds (process running for 1.738)
2026-04-17 20:12:17.319 INFO  o.s.b.d.a.LocalDevToolsAutoConfiguration$RestartingClassPathChangeChangedEventListener [File Watcher] : Restarting due to 24 class path changes (0 additions, 23 deletions, 1 modification)
2026-04-17 20:12:17.323 INFO  o.s.boot.tomcat.GracefulShutdown [Thread-1] : Commencing graceful shutdown. Waiting for active requests to complete
2026-04-17 20:12:17.323 INFO  o.a.coyote.http11.Http11NioProtocol [tomcat-shutdown] : Pausing ProtocolHandler ["http-nio-8080"]
2026-04-17 20:12:17.336 INFO  o.s.boot.tomcat.GracefulShutdown [tomcat-shutdown] : Graceful shutdown complete
2026-04-17 20:12:17.336 INFO  o.a.coyote.http11.Http11NioProtocol [Thread-1] : Stopping ProtocolHandler ["http-nio-8080"]
2026-04-17 20:12:17.394 INFO  com.xiaokui.BackendApplication [restartedMain] : Starting BackendApplication using Java 25.0.1 with PID 23408 (F:\Code\项目\ClassManageSystem\backend\target\classes started by Undefined in F:\Code\项目\ClassManageSystem\backend)
2026-04-17 20:12:17.394 INFO  com.xiaokui.BackendApplication [restartedMain] : No active profile set, falling back to 1 default profile: "default"
2026-04-17 20:12:17.574 INFO  o.s.boot.tomcat.TomcatWebServer [restartedMain] : Tomcat initialized with port 8080 (http)
2026-04-17 20:12:17.574 INFO  o.a.coyote.http11.Http11NioProtocol [restartedMain] : Initializing ProtocolHandler ["http-nio-8080"]
2026-04-17 20:12:17.575 INFO  o.a.catalina.core.StandardService [restartedMain] : Starting service [Tomcat]
2026-04-17 20:12:17.576 INFO  o.a.catalina.core.StandardEngine [restartedMain] : Starting Servlet engine: [Apache Tomcat/11.0.20]
2026-04-17 20:12:17.621 INFO  o.s.b.w.c.s.WebApplicationContextInitializer [restartedMain] : Root WebApplicationContext: initialization completed in 224 ms
2026-04-17 20:12:17.640 WARN  o.s.b.w.s.s.c.AnnotationConfigServletWebServerApplicationContext [restartedMain] : Exception encountered during context initialization - cancelling refresh attempt: org.springframework.beans.factory.UnsatisfiedDependencyException: Error creating bean with name 'teacherController' defined in file [F:\Code\项目\ClassManageSystem\backend\target\classes\com\xiaokui\controller\TeacherController.class]: Unsatisfied dependency expressed through constructor parameter 0: No qualifying bean of type 'com.xiaokui.service.TeacherService' available: expected at least 1 bean which qualifies as autowire candidate. Dependency annotations: {}
2026-04-17 20:12:17.641 INFO  o.a.catalina.core.StandardService [restartedMain] : Stopping service [Tomcat]
2026-04-17 20:12:17.645 INFO  o.s.b.a.l.ConditionEvaluationReportLogger [restartedMain] : 

Error starting ApplicationContext. To display the condition evaluation report re-run your application with 'debug' enabled.
2026-04-17 20:12:17.663 ERROR o.s.b.d.LoggingFailureAnalysisReporter [restartedMain] : 

***************************
APPLICATION FAILED TO START
***************************

Description:

Parameter 0 of constructor in com.xiaokui.controller.TeacherController required a bean of type 'com.xiaokui.service.TeacherService' that could not be found.


Action:

Consider defining a bean of type 'com.xiaokui.service.TeacherService' in your configuration.

2026-04-17 20:12:19.116 INFO  com.xiaokui.BackendApplication [restartedMain] : Starting BackendApplication using Java 25.0.1 with PID 23408 (F:\Code\项目\ClassManageSystem\backend\target\classes started by Undefined in F:\Code\项目\ClassManageSystem\backend)
2026-04-17 20:12:19.116 INFO  com.xiaokui.BackendApplication [restartedMain] : No active profile set, falling back to 1 default profile: "default"
2026-04-17 20:12:19.321 INFO  o.s.boot.tomcat.TomcatWebServer [restartedMain] : Tomcat initialized with port 8080 (http)
2026-04-17 20:12:19.322 INFO  o.a.coyote.http11.Http11NioProtocol [restartedMain] : Initializing ProtocolHandler ["http-nio-8080"]
2026-04-17 20:12:19.322 INFO  o.a.catalina.core.StandardService [restartedMain] : Starting service [Tomcat]
2026-04-17 20:12:19.322 INFO  o.a.catalina.core.StandardEngine [restartedMain] : Starting Servlet engine: [Apache Tomcat/11.0.20]
2026-04-17 20:12:19.380 INFO  o.s.b.w.c.s.WebApplicationContextInitializer [restartedMain] : Root WebApplicationContext: initialization completed in 262 ms
2026-04-17 20:12:19.545 INFO  o.a.coyote.http11.Http11NioProtocol [restartedMain] : Starting ProtocolHandler ["http-nio-8080"]
2026-04-17 20:12:19.551 INFO  o.s.boot.tomcat.TomcatWebServer [restartedMain] : Tomcat started on port 8080 (http) with context path '/'
2026-04-17 20:12:19.553 INFO  com.xiaokui.BackendApplication [restartedMain] : Started BackendApplication in 0.462 seconds (process running for 10.359)
2026-04-17 20:12:19.554 INFO  o.s.b.d.a.ConditionEvaluationDeltaLoggingListener [restartedMain] : Condition evaluation unchanged
2026-04-17 20:12:26.730 INFO  o.a.c.c.C.[Tomcat-1].[localhost].[/] [http-nio-8080-exec-1] : Initializing Spring DispatcherServlet 'dispatcherServlet'
2026-04-17 20:12:26.731 INFO  o.s.web.servlet.DispatcherServlet [http-nio-8080-exec-1] : Initializing Servlet 'dispatcherServlet'
2026-04-17 20:12:26.740 INFO  o.s.web.servlet.DispatcherServlet [http-nio-8080-exec-1] : Completed initialization in 9 ms
2026-04-17 20:13:45.230 INFO  com.zaxxer.hikari.HikariDataSource [http-nio-8080-exec-5] : HikariPool-1 - Starting...
2026-04-17 20:13:45.642 INFO  com.zaxxer.hikari.pool.HikariPool [http-nio-8080-exec-5] : HikariPool-1 - Added connection org.postgresql.jdbc.PgConnection@d1ac263
2026-04-17 20:13:45.647 INFO  com.zaxxer.hikari.HikariDataSource [http-nio-8080-exec-5] : HikariPool-1 - Start completed.
2026-04-17 20:14:28.548 INFO  c.x.s.ServiceImpl.ClassServiceImpl [http-nio-8080-exec-4] : 添加班级成功 name=计算机1班 ,teacherId=null
2026-04-17 20:14:41.829 INFO  c.x.s.ServiceImpl.ClassServiceImpl [http-nio-8080-exec-9] : 班级查询成功 ret=[ClassTable(id=1, name=软件工程1班, studentNum=12, teacherName=盖伦, createTime=2026-04-12 20:37:00, updateTime=2026-04-12 20:37:00)]
2026-04-17 20:14:42.747 INFO  c.x.s.ServiceImpl.ClassServiceImpl [http-nio-8080-exec-10] : 班级查询成功 ret=[ClassTable(id=1, name=软件工程1班, studentNum=12, teacherName=盖伦, createTime=2026-04-12 20:37:00, updateTime=2026-04-12 20:37:00)]
2026-04-17 20:14:54.569 INFO  c.x.s.ServiceImpl.ClassServiceImpl [http-nio-8080-exec-3] : 添加班级成功 name=计算机2班 ,teacherId=null
2026-04-17 20:22:29.131 INFO  o.s.boot.tomcat.GracefulShutdown [SpringApplicationShutdownHook] : Commencing graceful shutdown. Waiting for active requests to complete
2026-04-17 20:22:29.138 INFO  o.s.boot.tomcat.GracefulShutdown [tomcat-shutdown] : Graceful shutdown complete
2026-04-17 20:22:29.140 INFO  com.zaxxer.hikari.HikariDataSource [SpringApplicationShutdownHook] : HikariPool-1 - Shutdown initiated...
2026-04-17 20:22:29.142 INFO  com.zaxxer.hikari.HikariDataSource [SpringApplicationShutdownHook] : HikariPool-1 - Shutdown completed.
2026-04-17 20:22:30.711 INFO  com.xiaokui.BackendApplication [restartedMain] : Starting BackendApplication using Java 25.0.1 with PID 23764 (F:\Code\项目\ClassManageSystem\backend\target\classes started by Undefined in F:\Code\项目\ClassManageSystem\backend)
2026-04-17 20:22:30.712 INFO  com.xiaokui.BackendApplication [restartedMain] : No active profile set, falling back to 1 default profile: "default"
2026-04-17 20:22:30.742 INFO  o.s.b.d.e.DevToolsPropertyDefaultsPostProcessor [restartedMain] : Devtools property defaults active! Set 'spring.devtools.add-properties' to 'false' to disable
2026-04-17 20:22:30.742 INFO  o.s.b.d.e.DevToolsPropertyDefaultsPostProcessor [restartedMain] : For additional web related logging consider setting the 'logging.level.web' property to 'DEBUG'
2026-04-17 20:22:31.276 INFO  o.s.boot.tomcat.TomcatWebServer [restartedMain] : Tomcat initialized with port 8080 (http)
2026-04-17 20:22:31.284 INFO  o.a.coyote.http11.Http11NioProtocol [restartedMain] : Initializing ProtocolHandler ["http-nio-8080"]
2026-04-17 20:22:31.284 INFO  o.a.catalina.core.StandardService [restartedMain] : Starting service [Tomcat]
2026-04-17 20:22:31.284 INFO  o.a.catalina.core.StandardEngine [restartedMain] : Starting Servlet engine: [Apache Tomcat/11.0.20]
2026-04-17 20:22:31.319 INFO  o.s.b.w.c.s.WebApplicationContextInitializer [restartedMain] : Root WebApplicationContext: initialization completed in 577 ms
2026-04-17 20:22:31.683 INFO  o.a.coyote.http11.Http11NioProtocol [restartedMain] : Starting ProtocolHandler ["http-nio-8080"]
2026-04-17 20:22:31.695 INFO  o.s.boot.tomcat.TomcatWebServer [restartedMain] : Tomcat started on port 8080 (http) with context path '/'
2026-04-17 20:22:31.698 INFO  com.xiaokui.BackendApplication [restartedMain] : Started BackendApplication in 1.378 seconds (process running for 1.876)
2026-04-17 20:22:37.558 INFO  o.a.c.c.C.[Tomcat].[localhost].[/] [http-nio-8080-exec-1] : Initializing Spring DispatcherServlet 'dispatcherServlet'
2026-04-17 20:22:37.558 INFO  o.s.web.servlet.DispatcherServlet [http-nio-8080-exec-1] : Initializing Servlet 'dispatcherServlet'
2026-04-17 20:22:37.559 INFO  o.s.web.servlet.DispatcherServlet [http-nio-8080-exec-1] : Completed initialization in 1 ms
2026-04-17 20:22:37.609 INFO  com.zaxxer.hikari.HikariDataSource [http-nio-8080-exec-1] : HikariPool-1 - Starting...
2026-04-17 20:22:37.757 INFO  com.zaxxer.hikari.pool.HikariPool [http-nio-8080-exec-1] : HikariPool-1 - Added connection org.postgresql.jdbc.PgConnection@144bad3c
2026-04-17 20:22:37.758 INFO  com.zaxxer.hikari.HikariDataSource [http-nio-8080-exec-1] : HikariPool-1 - Start completed.
2026-04-17 20:23:23.367 INFO  c.x.s.ServiceImpl.ClassServiceImpl [http-nio-8080-exec-3] : 添加班级成功 name=小葵班级 ,teacherId=null
2026-04-17 20:23:55.539 INFO  c.x.s.ServiceImpl.StudentServiceImpl [http-nio-8080-exec-6] : 学生修改成功 id=37 ,name=澜 ,age=20 ,gender=true ,classId=3
2026-04-17 20:24:10.488 INFO  c.x.s.ServiceImpl.TeacherServiceImpl [http-nio-8080-exec-1] : 教师修改成功 id=4 ,name=卡莎 ,age=18 ,gender=false ,classId=8
2026-04-17 20:24:24.805 INFO  c.x.s.ServiceImpl.StudentServiceImpl [http-nio-8080-exec-3] : 学生修改成功 id=38 ,name=夏洛特 ,age=21 ,gender=false ,classId=8
2026-04-17 20:26:25.979 INFO  c.x.s.ServiceImpl.ClassServiceImpl [http-nio-8080-exec-9] : 班级删除成功 id=1
2026-04-17 20:26:27.554 INFO  c.x.s.ServiceImpl.ClassServiceImpl [http-nio-8080-exec-6] : 班级删除成功 id=2
2026-04-17 20:26:28.927 INFO  c.x.s.ServiceImpl.ClassServiceImpl [http-nio-8080-exec-3] : 班级删除成功 id=3
2026-04-17 20:26:30.385 INFO  c.x.s.ServiceImpl.ClassServiceImpl [http-nio-8080-exec-10] : 班级删除成功 id=4
2026-04-17 20:26:31.574 INFO  c.x.s.ServiceImpl.ClassServiceImpl [http-nio-8080-exec-2] : 班级删除成功 id=5
2026-04-17 20:26:32.617 INFO  c.x.s.ServiceImpl.ClassServiceImpl [http-nio-8080-exec-9] : 班级删除成功 id=6
2026-04-17 20:26:33.840 INFO  c.x.s.ServiceImpl.ClassServiceImpl [http-nio-8080-exec-6] : 班级删除成功 id=7
2026-04-17 20:26:35.573 INFO  c.x.s.ServiceImpl.ClassServiceImpl [http-nio-8080-exec-3] : 班级删除成功 id=8
2026-04-17 20:26:39.566 INFO  c.x.s.ServiceImpl.StudentServiceImpl [http-nio-8080-exec-1] : 学生删除成功 id=1
2026-04-17 20:26:40.813 INFO  c.x.s.ServiceImpl.StudentServiceImpl [http-nio-8080-exec-8] : 学生删除成功 id=2
2026-04-17 20:28:10.176 INFO  o.s.boot.tomcat.GracefulShutdown [SpringApplicationShutdownHook] : Commencing graceful shutdown. Waiting for active requests to complete
2026-04-17 20:28:10.184 INFO  o.s.boot.tomcat.GracefulShutdown [tomcat-shutdown] : Graceful shutdown complete
2026-04-17 20:28:10.190 INFO  com.zaxxer.hikari.HikariDataSource [SpringApplicationShutdownHook] : HikariPool-1 - Shutdown initiated...
2026-04-17 20:28:10.192 INFO  com.zaxxer.hikari.HikariDataSource [SpringApplicationShutdownHook] : HikariPool-1 - Shutdown completed.
2026-04-17 20:28:11.730 INFO  com.xiaokui.BackendApplication [restartedMain] : Starting BackendApplication using Java 25.0.1 with PID 5540 (F:\Code\项目\ClassManageSystem\backend\target\classes started by Undefined in F:\Code\项目\ClassManageSystem\backend)
2026-04-17 20:28:11.731 INFO  com.xiaokui.BackendApplication [restartedMain] : No active profile set, falling back to 1 default profile: "default"
2026-04-17 20:28:11.758 INFO  o.s.b.d.e.DevToolsPropertyDefaultsPostProcessor [restartedMain] : Devtools property defaults active! Set 'spring.devtools.add-properties' to 'false' to disable
2026-04-17 20:28:11.758 INFO  o.s.b.d.e.DevToolsPropertyDefaultsPostProcessor [restartedMain] : For additional web related logging consider setting the 'logging.level.web' property to 'DEBUG'
2026-04-17 20:28:12.271 INFO  o.s.boot.tomcat.TomcatWebServer [restartedMain] : Tomcat initialized with port 8080 (http)
2026-04-17 20:28:12.279 INFO  o.a.coyote.http11.Http11NioProtocol [restartedMain] : Initializing ProtocolHandler ["http-nio-8080"]
2026-04-17 20:28:12.280 INFO  o.a.catalina.core.StandardService [restartedMain] : Starting service [Tomcat]
2026-04-17 20:28:12.280 INFO  o.a.catalina.core.StandardEngine [restartedMain] : Starting Servlet engine: [Apache Tomcat/11.0.20]
2026-04-17 20:28:12.313 INFO  o.s.b.w.c.s.WebApplicationContextInitializer [restartedMain] : Root WebApplicationContext: initialization completed in 555 ms
2026-04-17 20:28:12.640 INFO  o.a.coyote.http11.Http11NioProtocol [restartedMain] : Starting ProtocolHandler ["http-nio-8080"]
2026-04-17 20:28:12.650 INFO  o.s.boot.tomcat.TomcatWebServer [restartedMain] : Tomcat started on port 8080 (http) with context path '/'
2026-04-17 20:28:12.654 INFO  com.xiaokui.BackendApplication [restartedMain] : Started BackendApplication in 1.214 seconds (process running for 1.632)
2026-04-17 20:28:15.334 INFO  o.a.c.c.C.[Tomcat].[localhost].[/] [http-nio-8080-exec-1] : Initializing Spring DispatcherServlet 'dispatcherServlet'
2026-04-17 20:28:15.335 INFO  o.s.web.servlet.DispatcherServlet [http-nio-8080-exec-1] : Initializing Servlet 'dispatcherServlet'
2026-04-17 20:28:15.341 INFO  o.s.web.servlet.DispatcherServlet [http-nio-8080-exec-1] : Completed initialization in 1 ms
2026-04-17 20:28:15.402 INFO  com.zaxxer.hikari.HikariDataSource [http-nio-8080-exec-1] : HikariPool-1 - Starting...
2026-04-17 20:28:15.535 INFO  com.zaxxer.hikari.pool.HikariPool [http-nio-8080-exec-1] : HikariPool-1 - Added connection org.postgresql.jdbc.PgConnection@32964528
2026-04-17 20:28:15.536 INFO  com.zaxxer.hikari.HikariDataSource [http-nio-8080-exec-1] : HikariPool-1 - Start completed.
2026-04-17 20:30:21.767 INFO  o.s.boot.tomcat.GracefulShutdown [SpringApplicationShutdownHook] : Commencing graceful shutdown. Waiting for active requests to complete
2026-04-17 20:30:21.779 INFO  o.s.boot.tomcat.GracefulShutdown [tomcat-shutdown] : Graceful shutdown complete
2026-04-17 20:30:21.784 INFO  com.zaxxer.hikari.HikariDataSource [SpringApplicationShutdownHook] : HikariPool-1 - Shutdown initiated...
2026-04-17 20:30:21.787 INFO  com.zaxxer.hikari.HikariDataSource [SpringApplicationShutdownHook] : HikariPool-1 - Shutdown completed.
2026-04-17 20:30:31.222 INFO  com.xiaokui.BackendApplication [restartedMain] : Starting BackendApplication using Java 25.0.1 with PID 34892 (F:\Code\项目\ClassManageSystem\backend\target\classes started by Undefined in F:\Code\项目\ClassManageSystem\backend)
2026-04-17 20:30:31.223 INFO  com.xiaokui.BackendApplication [restartedMain] : No active profile set, falling back to 1 default profile: "default"
2026-04-17 20:30:31.254 INFO  o.s.b.d.e.DevToolsPropertyDefaultsPostProcessor [restartedMain] : Devtools property defaults active! Set 'spring.devtools.add-properties' to 'false' to disable
2026-04-17 20:30:31.254 INFO  o.s.b.d.e.DevToolsPropertyDefaultsPostProcessor [restartedMain] : For additional web related logging consider setting the 'logging.level.web' property to 'DEBUG'
2026-04-17 20:30:31.761 INFO  o.s.boot.tomcat.TomcatWebServer [restartedMain] : Tomcat initialized with port 8080 (http)
2026-04-17 20:30:31.771 INFO  o.a.coyote.http11.Http11NioProtocol [restartedMain] : Initializing ProtocolHandler ["http-nio-8080"]
2026-04-17 20:30:31.772 INFO  o.a.catalina.core.StandardService [restartedMain] : Starting service [Tomcat]
2026-04-17 20:30:31.772 INFO  o.a.catalina.core.StandardEngine [restartedMain] : Starting Servlet engine: [Apache Tomcat/11.0.20]
2026-04-17 20:30:31.804 INFO  o.s.b.w.c.s.WebApplicationContextInitializer [restartedMain] : Root WebApplicationContext: initialization completed in 549 ms
2026-04-17 20:30:32.120 INFO  o.a.coyote.http11.Http11NioProtocol [restartedMain] : Starting ProtocolHandler ["http-nio-8080"]
2026-04-17 20:30:32.131 INFO  o.s.boot.tomcat.TomcatWebServer [restartedMain] : Tomcat started on port 8080 (http) with context path '/'
2026-04-17 20:30:32.134 INFO  com.xiaokui.BackendApplication [restartedMain] : Started BackendApplication in 1.2 seconds (process running for 1.601)
2026-04-17 20:30:44.418 INFO  o.a.c.c.C.[Tomcat].[localhost].[/] [http-nio-8080-exec-1] : Initializing Spring DispatcherServlet 'dispatcherServlet'
2026-04-17 20:30:44.420 INFO  o.s.web.servlet.DispatcherServlet [http-nio-8080-exec-1] : Initializing Servlet 'dispatcherServlet'
2026-04-17 20:30:44.422 INFO  o.s.web.servlet.DispatcherServlet [http-nio-8080-exec-1] : Completed initialization in 2 ms
2026-04-17 20:34:10.680 INFO  o.s.boot.tomcat.GracefulShutdown [SpringApplicationShutdownHook] : Commencing graceful shutdown. Waiting for active requests to complete
2026-04-17 20:34:10.688 INFO  o.s.boot.tomcat.GracefulShutdown [tomcat-shutdown] : Graceful shutdown complete
